This file contains any messages produced by compilers while
running configure, to aid debugging if configure makes a mistake.

It was created by pathgen configure 0.0.0, which was
generated by GNU Autoconf 2.69.  Invocation command line was

  $ ./configure 

## --------- ##
## Platform. ##
## --------- ##

hostname = boromir
uname -m = x86_64
uname -r = 3.8.0-19-generic
uname -s = Linux
uname -v = #29-Ubuntu SMP Wed Apr 17 18:16:28 UTC 2013

/usr/bin/uname -p = unknown
/bin/uname -X     = unknown

/bin/arch              = unknown
/usr/bin/arch -k       = unknown
/usr/convex/getsysinfo = unknown
/usr/bin/hostinfo      = unknown
/bin/machine           = unknown
/usr/bin/oslevel       = unknown
/bin/universe          = unknown

PATH: /usr/local/sbin
PATH: /usr/local/bin
PATH: /usr/sbin
PATH: /usr/bin
PATH: /sbin
PATH: /bin
PATH: /usr/games
PATH: /usr/local/games


## ----------- ##
## Core tests. ##
## ----------- ##

configure:1853: checking for gcc
configure:1869: found /usr/bin/gcc
configure:1880: result: gcc
configure:2109: checking for C compiler version
configure:2118: gcc --version >&5
gcc (Ubuntu/Linaro 4.7.3-1ubuntu1) 4.7.3
Copyright (C) 2012 Free Software Foundation, Inc.
This is free software; see the source for copying conditions.  There is NO
warranty; not even for MERCHANTABILITY or FITNESS FOR A PARTICULAR PURPOSE.

configure:2129: $? = 0
configure:2118: gcc -v >&5
Using built-in specs.
COLLECT_GCC=gcc
COLLECT_LTO_WRAPPER=/usr/lib/gcc/x86_64-linux-gnu/4.7/lto-wrapper
Target: x86_64-linux-gnu
Configured with: ../src/configure -v --with-pkgversion='Ubuntu/Linaro 4.7.3-1ubuntu1' --with-bugurl=file:///usr/share/doc/gcc-4.7/README.Bugs --enable-languages=c,c++,go,fortran,objc,obj-c++ --prefix=/usr --program-suffix=-4.7 --enable-shared --enable-linker-build-id --libexecdir=/usr/lib --without-included-gettext --enable-threads=posix --with-gxx-include-dir=/usr/include/c++/4.7 --libdir=/usr/lib --enable-nls --with-sysroot=/ --enable-clocale=gnu --enable-libstdcxx-debug --enable-libstdcxx-time=yes --enable-gnu-unique-object --enable-plugin --with-system-zlib --enable-objc-gc --with-cloog --enable-cloog-backend=ppl --disable-cloog-version-check --disable-ppl-version-check --enable-multiarch --disable-werror --with-arch-32=i686 --with-abi=m64 --with-multilib-list=m32,m64,mx32 --with-tune=generic --enable-checking=release --build=x86_64-linux-gnu --host=x86_64-linux-gnu --target=x86_64-linux-gnu
Thread model: posix
gcc version 4.7.3 (Ubuntu/Linaro 4.7.3-1ubuntu1) 
configure:2129: $? = 0
configure:2118: gcc -V >&5
gcc: error: unrecognized command line option '-V'
gcc: fatal error: no input files
compilation terminated.
configure:2129: $? = 4
configure:2118: gcc -qversion >&5
gcc: error: unrecognized command line option '-qversion'
gcc: fatal error: no input files
compilation terminated.
configure:2129: $? = 4
configure:2149: checking whether the C compiler works
configure:2171: gcc    conftest.c  >&5
configure:2175: $? = 0
configure:2223: result: yes
configure:2226: checking for C compiler default output file name
configure:2228: result: a.out
configure:2234: checking for suffix of executables
configure:2241: gcc -o conftest    conftest.c  >&5
configure:2245: $? = 0
configure:2267: result: 
configure:2289: checking whether we are cross compiling
configure:2297: gcc -o conftest    conftest.c  >&5
configure:2301: $? = 0
configure:2308: ./conftest
configure:2312: $? = 0
configure:2327: result: no
configure:2332: checking for suffix of object files
configure:2354: gcc -c   conftest.c >&5
configure:2358: $? = 0
configure:2379: result: o
configure:2383: checking whether we are using the GNU C compiler
configure:2402: gcc -c   conftest.c >&5
configure:2402: $? = 0
configure:2411: result: yes
configure:2420: checking whether gcc accepts -g
configure:2440: gcc -c -g  conftest.c >&5
configure:2440: $? = 0
configure:2481: result: yes
configure:2498: checking for gcc option to accept ISO C89
configure:2561: gcc  -c -g -O2  conftest.c >&5
configure:2561: $? = 0
configure:2574: result: none needed
configure:2640: checking for a BSD-compatible install
configure:2708: result: /usr/bin/install -c
configure:2719: checking whether build environment is sane
configure:2769: result: yes
configure:2910: checking for a thread-safe mkdir -p
configure:2949: result: /bin/mkdir -p
configure:2962: checking for gawk
configure:2978: found /usr/bin/gawk
configure:2989: result: gawk
configure:3000: checking whether make sets $(MAKE)
configure:3022: result: yes
configure:3052: checking for style of include used by make
configure:3080: result: GNU
configure:3166: checking dependency style of gcc
configure:3277: result: gcc3
configure:3348: checking for pkg-config
configure:3366: found /usr/bin/pkg-config
configure:3378: result: /usr/bin/pkg-config
configure:3403: checking pkg-config is at least version 0.9.0
configure:3406: result: yes
configure:3416: checking for ELEMENTARY
configure:3423: $PKG_CONFIG --exists --print-errors "elementary"
configure:3426: $? = 0
configure:3440: $PKG_CONFIG --exists --print-errors "elementary"
configure:3443: $? = 0
configure:3501: result: yes
configure:3638: creating ./config.status

## ---------------------- ##
## Running config.status. ##
## ---------------------- ##

This file was extended by pathgen config.status 0.0.0, which was
generated by GNU Autoconf 2.69.  Invocation command line was

  CONFIG_FILES    = 
  CONFIG_HEADERS  = 
  CONFIG_LINKS    = 
  CONFIG_COMMANDS = 
  $ ./config.status 

on boromir

config.status:844: creating Makefile
config.status:844: creating config.h
config.status:1073: executing depfiles commands

## ---------------- ##
## Cache variables. ##
## ---------------- ##

ac_cv_c_compiler_gnu=yes
ac_cv_env_CC_set=
ac_cv_env_CC_value=
ac_cv_env_CFLAGS_set=
ac_cv_env_CFLAGS_value=
ac_cv_env_CPPFLAGS_set=
ac_cv_env_CPPFLAGS_value=
ac_cv_env_ELEMENTARY_CFLAGS_set=
ac_cv_env_ELEMENTARY_CFLAGS_value=
ac_cv_env_ELEMENTARY_LIBS_set=
ac_cv_env_ELEMENTARY_LIBS_value=
ac_cv_env_LDFLAGS_set=
ac_cv_env_LDFLAGS_value=
ac_cv_env_LIBS_set=
ac_cv_env_LIBS_value=
ac_cv_env_PKG_CONFIG_LIBDIR_set=
ac_cv_env_PKG_CONFIG_LIBDIR_value=
ac_cv_env_PKG_CONFIG_PATH_set=
ac_cv_env_PKG_CONFIG_PATH_value=
ac_cv_env_PKG_CONFIG_set=
ac_cv_env_PKG_CONFIG_value=
ac_cv_env_build_alias_set=
ac_cv_env_build_alias_value=
ac_cv_env_host_alias_set=
ac_cv_env_host_alias_value=
ac_cv_env_target_alias_set=
ac_cv_env_target_alias_value=
ac_cv_objext=o
ac_cv_path_ac_pt_PKG_CONFIG=/usr/bin/pkg-config
ac_cv_path_install='/usr/bin/install -c'
ac_cv_path_mkdir=/bin/mkdir
ac_cv_prog_AWK=gawk
ac_cv_prog_ac_ct_CC=gcc
ac_cv_prog_cc_c89=
ac_cv_prog_cc_g=yes
ac_cv_prog_make_make_set=yes
am_cv_CC_dependencies_compiler_type=gcc3
pkg_cv_ELEMENTARY_CFLAGS='-I/usr/include/p11-kit-1 -I/usr/include/glib-2.0 -I/usr/lib/x86_64-linux-gnu/glib-2.0/include -I/usr/include/dbus-1.0 -I/usr/lib/x86_64-linux-gnu/dbus-1.0/include -I/usr/include/fribidi -I/usr/include/freetype2 -I/usr/include/lua5.1 -I/usr/include/elementary-1 -I/usr/include/efreet-1 -I/usr/include/e_dbus-1 -I/usr/include/ecore-1 -I/usr/include/emotion-1 -I/usr/include/eio-1 -I/usr/include/edje-1 -I/usr/include/evas-1 -I/usr/include/eet-1 -I/usr/include/eina-1 -I/usr/include/eina-1/eina -I/usr/include/embryo-1  '
pkg_cv_ELEMENTARY_LIBS='-lelementary -lm -leet -levas -lrt -lecore -leina -lpthread -lecore_evas -lecore_file -ledje -lefreet -lefreet_mime -lefreet_trash -ledbus -ldbus-1 -lecore_imf -lecore_con  '

## ----------------- ##
## Output variables. ##
## ----------------- ##

ACLOCAL='${SHELL} /home/enetheru/src/path-generator/missing --run aclocal-1.11'
AMDEPBACKSLASH='\'
AMDEP_FALSE='#'
AMDEP_TRUE=''
AMTAR='$${TAR-tar}'
AUTOCONF='${SHELL} /home/enetheru/src/path-generator/missing --run autoconf'
AUTOHEADER='${SHELL} /home/enetheru/src/path-generator/missing --run autoheader'
AUTOMAKE='${SHELL} /home/enetheru/src/path-generator/missing --run automake-1.11'
AWK='gawk'
CC='gcc'
CCDEPMODE='depmode=gcc3'
CFLAGS='-g -O2'
CPPFLAGS=''
CYGPATH_W='echo'
DEFS='-DHAVE_CONFIG_H'
DEPDIR='.deps'
ECHO_C=''
ECHO_N='-n'
ECHO_T=''
ELEMENTARY_CFLAGS='-I/usr/include/p11-kit-1 -I/usr/include/glib-2.0 -I/usr/lib/x86_64-linux-gnu/glib-2.0/include -I/usr/include/dbus-1.0 -I/usr/lib/x86_64-linux-gnu/dbus-1.0/include -I/usr/include/fribidi -I/usr/include/freetype2 -I/usr/include/lua5.1 -I/usr/include/elementary-1 -I/usr/include/efreet-1 -I/usr/include/e_dbus-1 -I/usr/include/ecore-1 -I/usr/include/emotion-1 -I/usr/include/eio-1 -I/usr/include/edje-1 -I/usr/include/evas-1 -I/usr/include/eet-1 -I/usr/include/eina-1 -I/usr/include/eina-1/eina -I/usr/include/embryo-1  '
ELEMENTARY_LIBS='-lelementary -lm -leet -levas -lrt -lecore -leina -lpthread -lecore_evas -lecore_file -ledje -lefreet -lefreet_mime -lefreet_trash -ledbus -ldbus-1 -lecore_imf -lecore_con  '
EXEEXT=''
INSTALL_DATA='${INSTALL} -m 644'
INSTALL_PROGRAM='${INSTALL}'
INSTALL_SCRIPT='${INSTALL}'
INSTALL_STRIP_PROGRAM='$(install_sh) -c -s'
LDFLAGS=''
LIBOBJS=''
LIBS=''
LTLIBOBJS=''
MAKEINFO='${SHELL} /home/enetheru/src/path-generator/missing --run makeinfo'
MKDIR_P='/bin/mkdir -p'
OBJEXT='o'
PACKAGE='pathgen'
PACKAGE_BUGREPORT='nicholas.samuel@gmail.com'
PACKAGE_NAME='pathgen'
PACKAGE_STRING='pathgen 0.0.0'
PACKAGE_TARNAME='pathgen'
PACKAGE_URL=''
PACKAGE_VERSION='0.0.0'
PATH_SEPARATOR=':'
PKG_CONFIG='/usr/bin/pkg-config'
PKG_CONFIG_LIBDIR=''
PKG_CONFIG_PATH=''
SET_MAKE=''
SHELL='/bin/bash'
STRIP=''
VERSION='0.0.0'
ac_ct_CC='gcc'
am__EXEEXT_FALSE=''
am__EXEEXT_TRUE='#'
am__fastdepCC_FALSE='#'
am__fastdepCC_TRUE=''
am__include='include'
am__isrc=''
am__leading_dot='.'
am__nodep='_no'
am__quote=''
am__tar='$${TAR-tar} chof - "$$tardir"'
am__untar='$${TAR-tar} xf -'
bindir='${exec_prefix}/bin'
build_alias=''
datadir='${datarootdir}'
datarootdir='${prefix}/share'
docdir='${datarootdir}/doc/${PACKAGE_TARNAME}'
dvidir='${docdir}'
exec_prefix='${prefix}'
host_alias=''
htmldir='${docdir}'
includedir='${prefix}/include'
infodir='${datarootdir}/info'
install_sh='${SHELL} /home/enetheru/src/path-generator/install-sh'
libdir='${exec_prefix}/lib'
libexecdir='${exec_prefix}/libexec'
localedir='${datarootdir}/locale'
localstatedir='${prefix}/var'
mandir='${datarootdir}/man'
mkdir_p='/bin/mkdir -p'
oldincludedir='/usr/include'
pdfdir='${docdir}'
prefix='/usr/local'
program_transform_name='s,x,x,'
psdir='${docdir}'
sbindir='${exec_prefix}/sbin'
sharedstatedir='${prefix}/com'
sysconfdir='${prefix}/etc'
target_alias=''

## ----------- ##
## confdefs.h. ##
## ----------- ##

/* confdefs.h */
#define PACKAGE_NAME "pathgen"
#define PACKAGE_TARNAME "pathgen"
#define PACKAGE_VERSION "0.0.0"
#define PACKAGE_STRING "pathgen 0.0.0"
#define PACKAGE_BUGREPORT "nicholas.samuel@gmail.com"
#define PACKAGE_URL ""
#define PACKAGE "pathgen"
#define VERSION "0.0.0"

configure: exit 0
